immortals_repo/applications/client/ATAKLite/build/outputs/logs/manifest-merger-release-report.txt
-- Merging decision tree log ---
manifest
ADDED from client/ATAKLite/AndroidManifest.xml:2:1-67:12
	package
		ADDED from client/ATAKLite/AndroidManifest.xml:3:11-37
		INJECTED from client/ATAKLite/AndroidManifest.xml
		INJECTED from client/ATAKLite/AndroidManifest.xml
	android:versionName
		INJECTED from client/ATAKLite/AndroidManifest.xml
		INJECTED from client/ATAKLite/AndroidManifest.xml
	android:versionCode
		ADDED from client/ATAKLite/AndroidManifest.xml:4:11-34
		INJECTED from client/ATAKLite/AndroidManifest.xml
		INJECTED from client/ATAKLite/AndroidManifest.xml
	xmlns:android
		ADDED from client/ATAKLite/AndroidManifest.xml:2:11-69
uses-sdk
ADDED from client/ATAKLite/AndroidManifest.xml:6:3-8:42
MERGED from [com.android.support:appcompat-v7:21.0.3] AndroidManifest.xml:15:5-42
MERGED from [com.google.android.gms:play-services-maps:8.3.0] AndroidManifest.xml:26:5-42
MERGED from [com.google.android.gms:play-services-base:8.3.0] AndroidManifest.xml:18:5-42
MERGED from [com.google.android.gms:play-services-basement:8.3.0] AndroidManifest.xml:18:5-42
MERGED from [com.android.support:support-v4:23.1.1] AndroidManifest.xml:20:5-43
	android:targetSdkVersion
		ADDED from client/ATAKLite/AndroidManifest.xml:8:11-40
		INJECTED from client/ATAKLite/AndroidManifest.xml
		INJECTED from client/ATAKLite/AndroidManifest.xml
	android:minSdkVersion
		ADDED from client/ATAKLite/AndroidManifest.xml:7:11-37
		INJECTED from client/ATAKLite/AndroidManifest.xml
		INJECTED from client/ATAKLite/AndroidManifest.xml
uses-feature#0x00020000
ADDED from client/ATAKLite/AndroidManifest.xml:10:3-12:36
MERGED from [com.google.android.gms:play-services-maps:8.3.0] AndroidManifest.xml:22:5-24:33
	android:glEsVersion
		ADDED from client/ATAKLite/AndroidManifest.xml:11:11-43
	android:required
		ADDED from client/ATAKLite/AndroidManifest.xml:12:11-34
uses-permission#android.permission.ACCESS_NETWORK_STATE
ADDED from client/ATAKLite/AndroidManifest.xml:14:3-76
MERGED from [com.google.android.gms:play-services-maps:8.3.0] AndroidManifest.xml:20:5-78
	android:name
		ADDED from client/ATAKLite/AndroidManifest.xml:14:20-74
uses-permission#android.permission.INTERNET
ADDED from client/ATAKLite/AndroidManifest.xml:15:3-64
MERGED from [com.google.android.gms:play-services-maps:8.3.0] AndroidManifest.xml:21:5-66
	android:name
		ADDED from client/ATAKLite/AndroidManifest.xml:15:20-62
uses-permission#android.permission.ACCESS_FINE_LOCATION
ADDED from client/ATAKLite/AndroidManifest.xml:16:3-76
	android:name
		ADDED from client/ATAKLite/AndroidManifest.xml:16:20-74
uses-permission#android.permission.CAMERA
ADDED from client/ATAKLite/AndroidManifest.xml:17:3-62
	android:name
		ADDED from client/ATAKLite/AndroidManifest.xml:17:20-60
uses-permission#android.permission.WRITE_EXTERNAL_STORAGE
ADDED from client/ATAKLite/AndroidManifest.xml:18:3-78
	android:name
		ADDED from client/ATAKLite/AndroidManifest.xml:18:20-76
uses-feature#android.hardware.camera
ADDED from client/ATAKLite/AndroidManifest.xml:19:3-57
	android:name
		ADDED from client/ATAKLite/AndroidManifest.xml:19:17-55
uses-permission#android.permission.BLUETOOTH
ADDED from client/ATAKLite/AndroidManifest.xml:21:3-66
	android:name
		ADDED from client/ATAKLite/AndroidManifest.xml:21:20-63
uses-feature#android.hardware.usb.host
ADDED from client/ATAKLite/AndroidManifest.xml:22:3-59
	android:name
		ADDED from client/ATAKLite/AndroidManifest.xml:22:17-57
application
ADDED from client/ATAKLite/AndroidManifest.xml:24:3-65:17
MERGED from [com.android.support:appcompat-v7:21.0.3] AndroidManifest.xml:16:5-19
MERGED from [com.google.android.gms:play-services-maps:8.3.0] AndroidManifest.xml:27:5-20
MERGED from [com.google.android.gms:play-services-basement:8.3.0] AndroidManifest.xml:20:5-24:19
MERGED from [com.android.support:support-v4:23.1.1] AndroidManifest.xml:22:5-20
	android:label
		ADDED from client/ATAKLite/AndroidManifest.xml:28:11-43
	android:allowBackup
		ADDED from client/ATAKLite/AndroidManifest.xml:26:11-37
	android:icon
		ADDED from client/ATAKLite/AndroidManifest.xml:27:11-47
	android:theme
		ADDED from client/ATAKLite/AndroidManifest.xml:29:11-42
	android:name
		ADDED from client/ATAKLite/AndroidManifest.xml:25:11-34
meta-data#com.google.android.gms.version
ADDED from client/ATAKLite/AndroidManifest.xml:30:5-32:68
MERGED from [com.google.android.gms:play-services-basement:8.3.0] AndroidManifest.xml:21:9-23:69
	android:value
		ADDED from client/ATAKLite/AndroidManifest.xml:32:13-66
	android:name
		ADDED from client/ATAKLite/AndroidManifest.xml:31:13-58
meta-data#com.google.android.geo.API_KEY
ADDED from client/ATAKLite/AndroidManifest.xml:41:5-43:70
	android:value
		ADDED from client/ATAKLite/AndroidManifest.xml:43:13-68
	android:name
		ADDED from client/ATAKLite/AndroidManifest.xml:42:13-58
activity#com.bbn.ataklite.MainActivity
ADDED from client/ATAKLite/AndroidManifest.xml:45:5-54:16
	android:screenOrientation
		ADDED from client/ATAKLite/AndroidManifest.xml:48:13-50
	android:label
		ADDED from client/ATAKLite/AndroidManifest.xml:47:13-45
	android:name
		ADDED from client/ATAKLite/AndroidManifest.xml:46:13-41
intent-filter#android.intent.action.MAIN+android.intent.category.LAUNCHER
ADDED from client/ATAKLite/AndroidManifest.xml:49:7-53:23
action#android.intent.action.MAIN
ADDED from client/ATAKLite/AndroidManifest.xml:50:9-60
	android:name
		ADDED from client/ATAKLite/AndroidManifest.xml:50:17-58
category#android.intent.category.LAUNCHER
ADDED from client/ATAKLite/AndroidManifest.xml:52:9-68
	android:name
		ADDED from client/ATAKLite/AndroidManifest.xml:52:19-66
activity#com.bbn.ataklite.SettingsActivity
ADDED from client/ATAKLite/AndroidManifest.xml:55:5-59:16
	android:screenOrientation
		ADDED from client/ATAKLite/AndroidManifest.xml:58:13-50
	android:label
		ADDED from client/ATAKLite/AndroidManifest.xml:57:13-60
	android:name
		ADDED from client/ATAKLite/AndroidManifest.xml:56:13-45
service#com.bbn.ataklite.service.SACommunicationService
ADDED from client/ATAKLite/AndroidManifest.xml:61:5-64:15
	android:exported
		ADDED from client/ATAKLite/AndroidManifest.xml:63:13-37
	android:name
		ADDED from client/ATAKLite/AndroidManifest.xml:62:13-59